#
# There is insufficient memory for the Java Runtime Environment to continue.
# Native memory allocation (mmap) failed to map 134217728 bytes for committing reserved memory.
# Possible reasons:
#   The system is out of physical RAM or swap space
#   In 32 bit mode, the process size limit was hit
# Possible solutions:
#   Reduce memory load on the system
#   Increase physical memory or swap space
#   Check if swap backing store is full
#   Use 64 bit Java on a 64 bit OS
#   Decrease Java heap size (-Xmx/-Xms)
#   Decrease number of Java threads
#   Decrease Java thread stack sizes (-Xss)
#   Set larger code cache with -XX:ReservedCodeCacheSize=
# This output file may be truncated or incomplete.
#
#  Out of Memory Error (os_linux.cpp:2627), pid=5163, tid=140377052825344
#
# JRE version: Java(TM) SE Runtime Environment (8.0_66-b17) (build 1.8.0_66-b17)
# Java VM: Java HotSpot(TM) 64-Bit Server VM (25.66-b17 mixed mode linux-amd64 compressed oops)
# Failed to write core dump. Core dumps have been disabled. To enable core dumping, try "ulimit -c unlimited" before starting Java again
#

---------------  T H R E A D  ---------------

Current thread (0x00007fac28078000):  VMThread [stack: 0x00007fac144e4000,0x00007fac145e5000] [id=5173]

Stack: [0x00007fac144e4000,0x00007fac145e5000],  sp=0x00007fac145e2f80,  free space=1019k
Native frames: (J=compiled Java code, j=interpreted, Vv=VM code, C=native code)
V  [libjvm.so+0xab9a1a]  VMError::report_and_die()+0x2ba
V  [libjvm.so+0x4f9e0b]  report_vm_out_of_memory(char const*, int, unsigned long, VMErrorType, char const*)+0x8b
V  [libjvm.so+0x91a8a3]  os::Linux::commit_memory_impl(char*, unsigned long, bool)+0x103
V  [libjvm.so+0x91adf9]  os::pd_commit_memory(char*, unsigned long, unsigned long, bool)+0x29
V  [libjvm.so+0x91510a]  os::commit_memory(char*, unsigned long, unsigned long, bool)+0x2a
V  [libjvm.so+0x9887a3]  PSVirtualSpace::expand_by(unsigned long)+0x53
V  [libjvm.so+0x989ba8]  PSYoungGen::resize_generation(unsigned long, unsigned long)+0xf8
V  [libjvm.so+0x988d02]  PSYoungGen::resize(unsigned long, unsigned long)+0x22
V  [libjvm.so+0x985fdb]  PSScavenge::invoke_no_policy()+0xf3b
V  [libjvm.so+0x981285]  PSParallelCompact::invoke(bool)+0x85
V  [libjvm.so+0x480ff4]  CollectedHeap::collect_as_vm_thread(GCCause::Cause)+0x114
V  [libjvm.so+0xabae91]  VM_CollectForMetadataAllocation::doit()+0x161
V  [libjvm.so+0xac2e65]  VM_Operation::evaluate()+0x55
V  [libjvm.so+0xac123a]  VMThread::evaluate_operation(VM_Operation*)+0xba
V  [libjvm.so+0xac15be]  VMThread::loop()+0x1ce
V  [libjvm.so+0xac1a30]  VMThread::run()+0x70
V  [libjvm.so+0x91cc68]  java_start(Thread*)+0x108

VM_Operation (0x00007fac2e9749d0): CollectForMetadataAllocation, mode: safepoint, requested by thread 0x00007fac2800a000


---------------  P R O C E S S  ---------------

Java Threads: ( => current thread )
  0x00007fac280cb000 JavaThread "Service Thread" daemon [_thread_blocked, id=5180, stack(0x00007fac0f619000,0x00007fac0f71a000)]
  0x00007fac280bd800 JavaThread "C1 CompilerThread2" daemon [_thread_blocked, id=5179, stack(0x00007fac0f71a000,0x00007fac0f81b000)]
  0x00007fac280bb800 JavaThread "C2 CompilerThread1" daemon [_thread_blocked, id=5178, stack(0x00007fac0f81b000,0x00007fac0f91c000)]
  0x00007fac280b8800 JavaThread "C2 CompilerThread0" daemon [_thread_blocked, id=5177, stack(0x00007fac140e0000,0x00007fac141e1000)]
  0x00007fac280b7000 JavaThread "Signal Dispatcher" daemon [_thread_blocked, id=5176, stack(0x00007fac141e1000,0x00007fac142e2000)]
  0x00007fac2807f000 JavaThread "Finalizer" daemon [_thread_blocked, id=5175, stack(0x00007fac142e2000,0x00007fac143e3000)]
  0x00007fac2807d000 JavaThread "Reference Handler" daemon [_thread_blocked, id=5174, stack(0x00007fac143e3000,0x00007fac144e4000)]
  0x00007fac2800a000 JavaThread "main" [_thread_blocked, id=5168, stack(0x00007fac2e879000,0x00007fac2e97a000)]

Other Threads:
=>0x00007fac28078000 VMThread [stack: 0x00007fac144e4000,0x00007fac145e5000] [id=5173]
  0x00007fac280cd800 WatcherThread [stack: 0x00007fac0f518000,0x00007fac0f619000] [id=5181]

VM state:at safepoint (normal execution)

VM Mutex/Monitor currently owned by a thread:  ([mutex/lock_event])
[0x00007fac280061c0] Threads_lock - owner thread: 0x00007fac28078000
[0x00007fac280066c0] Heap_lock - owner thread: 0x00007fac2800a000

Heap:
 PSYoungGen      total 130560K, used 8168K [0x00000000ec780000, 0x00000000f4f80000, 0x0000000100000000)
  eden space 122368K, 0% used [0x00000000ec780000,0x00000000ec780000,0x00000000f3f00000)
  from space 8192K, 99% used [0x00000000f3f00000,0x00000000f46fa290,0x00000000f4700000)
  to   space 7680K, 0% used [0x00000000f4700000,0x00000000f4700000,0x00000000f4e80000)
 ParOldGen       total 40960K, used 17670K [0x00000000c5600000, 0x00000000c7e00000, 0x00000000ec780000)
  object space 40960K, 43% used [0x00000000c5600000,0x00000000c67419d8,0x00000000c7e00000)
 Metaspace       used 20542K, capacity 21118K, committed 21296K, reserved 1069056K
  class space    used 2426K, capacity 2616K, committed 2688K, reserved 1048576K

Card table byte_map: [0x00007fac18436000,0x00007fac1860c000] byte_map_base: 0x00007fac17e0b000

Marking Bits: (ParMarkBitMap*) 0x00007fac2dd57020
 Begin Bits: [0x00007fac161a9000, 0x00007fac17051000)
 End Bits:   [0x00007fac17051000, 0x00007fac17ef9000)

Polling page: 0x00007fac2e9a4000

CodeCache: size=245760Kb used=11106Kb max_used=11135Kb free=234653Kb
 bounds [0x00007fac189cc000, 0x00007fac194cc000, 0x00007fac279cc000]
 total_blobs=3471 nmethods=3102 adapters=282
 compilation: enabled

Compilation events (10 events):
Event: 114,576 Thread 0x00007fac280bb800 nmethod 3495 0x00007fac190b4490 code [0x00007fac190b46c0, 0x00007fac190b5708]
Event: 115,019 Thread 0x00007fac280bd800 3496       3       java.util.jar.JarFile::getManEntry (83 bytes)
Event: 115,020 Thread 0x00007fac280bd800 nmethod 3496 0x00007fac190b6b90 code [0x00007fac190b6d80, 0x00007fac190b77c8]
Event: 115,644 Thread 0x00007fac280b8800 nmethod 3494 0x00007fac194a42d0 code [0x00007fac194a5040, 0x00007fac194ae1c8]
Event: 116,967 Thread 0x00007fac280bd800 3497       3       sun.misc.URLClassPath$JarLoader::findResource (18 bytes)
Event: 116,967 Thread 0x00007fac280bd800 nmethod 3497 0x00007fac190b6690 code [0x00007fac190b6820, 0x00007fac190b6ab8]
Event: 117,362 Thread 0x00007fac280bb800 3498   !   4       java.util.concurrent.ConcurrentHashMap::transfer (832 bytes)
Event: 119,009 Thread 0x00007fac280bd800 3499       3       sun.net.www.ParseUtil::encodePath (336 bytes)
Event: 119,192 Thread 0x00007fac280bd800 nmethod 3499 0x00007fac190b0310 code [0x00007fac190b0580, 0x00007fac190b1538]
Event: 119,304 Thread 0x00007fac280bb800 nmethod 3498 0x00007fac194a2cd0 code [0x00007fac194a2e60, 0x00007fac194a3b88]

GC Heap History (10 events):
Event: 3,436 GC heap after
Heap after GC invocations=2 (full 0):
 PSYoungGen      total 33280K, used 2552K [0x00000000ec780000, 0x00000000eea80000, 0x0000000100000000)
  eden space 30720K, 0% used [0x00000000ec780000,0x00000000ec780000,0x00000000ee580000)
  from space 2560K, 99% used [0x00000000ee800000,0x00000000eea7e3f0,0x00000000eea80000)
  to   space 2560K, 0% used [0x00000000ee580000,0x00000000ee580000,0x00000000ee800000)
 ParOldGen       total 40960K, used 716K [0x00000000c5600000, 0x00000000c7e00000, 0x00000000ec780000)
  object space 40960K, 1% used [0x00000000c5600000,0x00000000c56b3098,0x00000000c7e00000)
 Metaspace       used 7659K, capacity 7914K, committed 7936K, reserved 1056768K
  class space    used 962K, capacity 1021K, committed 1024K, reserved 1048576K
}
Event: 5,867 GC heap before
{Heap before GC invocations=3 (full 0):
 PSYoungGen      total 33280K, used 33272K [0x00000000ec780000, 0x00000000eea80000, 0x0000000100000000)
  eden space 30720K, 100% used [0x00000000ec780000,0x00000000ee580000,0x00000000ee580000)
  from space 2560K, 99% used [0x00000000ee800000,0x00000000eea7e3f0,0x00000000eea80000)
  to   space 2560K, 0% used [0x00000000ee580000,0x00000000ee580000,0x00000000ee800000)
 ParOldGen       total 40960K, used 716K [0x00000000c5600000, 0x00000000c7e00000, 0x00000000ec780000)
  object space 40960K, 1% used [0x00000000c5600000,0x00000000c56b3098,0x00000000c7e00000)
 Metaspace       used 12938K, capacity 13262K, committed 13568K, reserved 1060864K
  class space    used 1591K, capacity 1693K, committed 1792K, reserved 1048576K
Event: 5,887 GC heap after
Heap after GC invocations=3 (full 0):
 PSYoungGen      total 33280K, used 2544K [0x00000000ec780000, 0x00000000f0880000, 0x0000000100000000)
  eden space 30720K, 0% used [0x00000000ec780000,0x00000000ec780000,0x00000000ee580000)
  from space 2560K, 99% used [0x00000000ee580000,0x00000000ee7fc030,0x00000000ee800000)
  to   space 2560K, 0% used [0x00000000f0600000,0x00000000f0600000,0x00000000f0880000)
 ParOldGen       total 40960K, used 4866K [0x00000000c5600000, 0x00000000c7e00000, 0x00000000ec780000)
  object space 40960K, 11% used [0x00000000c5600000,0x00000000c5ac0a98,0x00000000c7e00000)
 Metaspace       used 12938K, capacity 13262K, committed 13568K, reserved 1060864K
  class space    used 1591K, capacity 1693K, committed 1792K, reserved 1048576K
}
Event: 7,442 GC heap before
{Heap before GC invocations=4 (full 0):
 PSYoungGen      total 33280K, used 33264K [0x00000000ec780000, 0x00000000f0880000, 0x0000000100000000)
  eden space 30720K, 100% used [0x00000000ec780000,0x00000000ee580000,0x00000000ee580000)
  from space 2560K, 99% used [0x00000000ee580000,0x00000000ee7fc030,0x00000000ee800000)
  to   space 2560K, 0% used [0x00000000f0600000,0x00000000f0600000,0x00000000f0880000)
 ParOldGen       total 40960K, used 4866K [0x00000000c5600000, 0x00000000c7e00000, 0x00000000ec780000)
  object space 40960K, 11% used [0x00000000c5600000,0x00000000c5ac0a98,0x00000000c7e00000)
 Metaspace       used 13442K, capacity 13842K, committed 14080K, reserved 1060864K
  class space    used 1630K, capacity 1731K, committed 1792K, reserved 1048576K
Event: 7,491 GC heap after
Heap after GC invocations=4 (full 0):
 PSYoungGen      total 64000K, used 2560K [0x00000000ec780000, 0x00000000f0880000, 0x0000000100000000)
  eden space 61440K, 0% used [0x00000000ec780000,0x00000000ec780000,0x00000000f0380000)
  from space 2560K, 100% used [0x00000000f0600000,0x00000000f0880000,0x00000000f0880000)
  to   space 2560K, 0% used [0x00000000f0380000,0x00000000f0380000,0x00000000f0600000)
 ParOldGen       total 40960K, used 7260K [0x00000000c5600000, 0x00000000c7e00000, 0x00000000ec780000)
  object space 40960K, 17% used [0x00000000c5600000,0x00000000c5d171f8,0x00000000c7e00000)
 Metaspace       used 13442K, capacity 13842K, committed 14080K, reserved 1060864K
  class space    used 1630K, capacity 1731K, committed 1792K, reserved 1048576K
}
Event: 16,580 GC heap before
{Heap before GC invocations=5 (full 0):
 PSYoungGen      total 64000K, used 64000K [0x00000000ec780000, 0x00000000f0880000, 0x0000000100000000)
  eden space 61440K, 100% used [0x00000000ec780000,0x00000000f0380000,0x00000000f0380000)
  from space 2560K, 100% used [0x00000000f0600000,0x00000000f0880000,0x00000000f0880000)
  to   space 2560K, 0% used [0x00000000f0380000,0x00000000f0380000,0x00000000f0600000)
 ParOldGen       total 40960K, used 7260K [0x00000000c5600000, 0x00000000c7e00000, 0x00000000ec780000)
  object space 40960K, 17% used [0x00000000c5600000,0x00000000c5d171f8,0x00000000c7e00000)
 Metaspace       used 14277K, capacity 14676K, committed 14976K, reserved 1062912K
  class space    used 1704K, capacity 1810K, committed 1920K, reserved 1048576K
Event: 16,623 GC heap after
Heap after GC invocations=5 (full 0):
 PSYoungGen      total 64000K, used 2560K [0x00000000ec780000, 0x00000000f4e80000, 0x0000000100000000)
  eden space 61440K, 0% used [0x00000000ec780000,0x00000000ec780000,0x00000000f0380000)
  from space 2560K, 100% used [0x00000000f0380000,0x00000000f0600000,0x00000000f0600000)
  to   space 7680K, 0% used [0x00000000f4700000,0x00000000f4700000,0x00000000f4e80000)
 ParOldGen       total 40960K, used 10270K [0x00000000c5600000, 0x00000000c7e00000, 0x00000000ec780000)
  object space 40960K, 25% used [0x00000000c5600000,0x00000000c60078c8,0x00000000c7e00000)
 Metaspace       used 14277K, capacity 14676K, committed 14976K, reserved 1062912K
  class space    used 1704K, capacity 1810K, committed 1920K, reserved 1048576K
}
Event: 33,363 GC heap before
{Heap before GC invocations=6 (full 0):
 PSYoungGen      total 64000K, used 64000K [0x00000000ec780000, 0x00000000f4e80000, 0x0000000100000000)
  eden space 61440K, 100% used [0x00000000ec780000,0x00000000f0380000,0x00000000f0380000)
  from space 2560K, 100% used [0x00000000f0380000,0x00000000f0600000,0x00000000f0600000)
  to   space 7680K, 0% used [0x00000000f4700000,0x00000000f4700000,0x00000000f4e80000)
 ParOldGen       total 40960K, used 10270K [0x00000000c5600000, 0x00000000c7e00000, 0x00000000ec780000)
  object space 40960K, 25% used [0x00000000c5600000,0x00000000c60078c8,0x00000000c7e00000)
 Metaspace       used 15345K, capacity 15908K, committed 16128K, reserved 1062912K
  class space    used 1787K, capacity 1922K, committed 2048K, reserved 1048576K
Event: 33,418 GC heap after
Heap after GC invocations=6 (full 0):
 PSYoungGen      total 130048K, used 6254K [0x00000000ec780000, 0x00000000f4f80000, 0x0000000100000000)
  eden space 122368K, 0% used [0x00000000ec780000,0x00000000ec780000,0x00000000f3f00000)
  from space 7680K, 81% used [0x00000000f4700000,0x00000000f4d1b978,0x00000000f4e80000)
  to   space 8192K, 0% used [0x00000000f3f00000,0x00000000f3f00000,0x00000000f4700000)
 ParOldGen       total 40960K, used 10278K [0x00000000c5600000, 0x00000000c7e00000, 0x00000000ec780000)
  object space 40960K, 25% used [0x00000000c5600000,0x00000000c60098c8,0x00000000c7e00000)
 Metaspace       used 15345K, capacity 15908K, committed 16128K, reserved 1062912K
  class space    used 1787K, capacity 1922K, committed 2048K, reserved 1048576K
}
Event: 120,346 GC heap before
{Heap before GC invocations=7 (full 0):
 PSYoungGen      total 130048K, used 66034K [0x00000000ec780000, 0x00000000f4f80000, 0x0000000100000000)
  eden space 122368K, 48% used [0x00000000ec780000,0x00000000f01e1178,0x00000000f3f00000)
  from space 7680K, 81% used [0x00000000f4700000,0x00000000f4d1b978,0x00000000f4e80000)
  to   space 8192K, 0% used [0x00000000f3f00000,0x00000000f3f00000,0x00000000f4700000)
 ParOldGen       total 40960K, used 10278K [0x00000000c5600000, 0x00000000c7e00000, 0x00000000ec780000)
  object space 40960K, 25% used [0x00000000c5600000,0x00000000c60098c8,0x00000000c7e00000)
 Metaspace       used 20542K, capacity 21118K, committed 21296K, reserved 1069056K
  class space    used 2426K, capacity 2616K, committed 2688K, reserved 1048576K

Deoptimization events (10 events):
Event: 113,889 Thread 0x00007fac2800a000 Uncommon trap: reason=class_check action=maybe_recompile pc=0x00007fac18b825e4 method=sun.misc.URLClassPath.getLoader(I)Lsun/misc/URLClassPath$Loader; @ 193
Event: 113,889 Thread 0x00007fac2800a000 Uncommon trap: reason=class_check action=maybe_recompile pc=0x00007fac1946a384 method=sun.misc.URLClassPath.getResource(Ljava/lang/String;Z)Lsun/misc/Resource; @ 62
Event: 113,890 Thread 0x00007fac2800a000 Uncommon trap: reason=class_check action=maybe_recompile pc=0x00007fac18b825e4 method=sun.misc.URLClassPath.getLoader(I)Lsun/misc/URLClassPath$Loader; @ 193
Event: 113,890 Thread 0x00007fac2800a000 Uncommon trap: reason=class_check action=maybe_recompile pc=0x00007fac1946a384 method=sun.misc.URLClassPath.getResource(Ljava/lang/String;Z)Lsun/misc/Resource; @ 62
Event: 114,003 Thread 0x00007fac2800a000 Uncommon trap: reason=class_check action=maybe_recompile pc=0x00007fac18b79254 method=sun.misc.URLClassPath.getLoader(I)Lsun/misc/URLClassPath$Loader; @ 193
Event: 114,004 Thread 0x00007fac2800a000 Uncommon trap: reason=class_check action=maybe_recompile pc=0x00007fac1946a384 method=sun.misc.URLClassPath.getResource(Ljava/lang/String;Z)Lsun/misc/Resource; @ 62
Event: 114,006 Thread 0x00007fac2800a000 Uncommon trap: reason=class_check action=maybe_recompile pc=0x00007fac18ce146c method=sun.misc.URLClassPath.getResource(Ljava/lang/String;Z)Lsun/misc/Resource; @ 62
Event: 114,840 Thread 0x00007fac2800a000 Uncommon trap: reason=unstable_if action=reinterpret pc=0x00007fac193997e8 method=org.codehaus.plexus.classworlds.realm.Entry.matches(Ljava/lang/String;)Z @ 131
Event: 117,362 Thread 0x00007fac2800a000 Uncommon trap: reason=unstable_if action=reinterpret pc=0x00007fac18cc898c method=sun.net.www.ParseUtil.encodePath(Ljava/lang/String;Z)Ljava/lang/String; @ 109
Event: 118,162 Thread 0x00007fac2800a000 Uncommon trap: reason=unstable_if action=reinterpret pc=0x00007fac18c8ecd8 method=java.lang.AbstractStringBuilder.append(Ljava/lang/String;)Ljava/lang/AbstractStringBuilder; @ 1

Internal exceptions (10 events):
Event: 6,004 Thread 0x00007fac2800a000 Implicit null exception at 0x00007fac18e96c3e to 0x00007fac18e96f59
Event: 8,481 Thread 0x00007fac2800a000 Exception <a 'java/lang/NoClassDefFoundError': org/slf4j/Logger> (0x00000000edd791b8) thrown at [/HUDSON/workspace/8-2-build-linux-amd64/jdk8u66/4988/hotspot/src/share/vm/oops/constantPool.cpp, line 235]
Event: 25,668 Thread 0x00007fac2800a000 Exception <a 'java/lang/NoClassDefFoundError': org/slf4j/Logger> (0x00000000eee1ab48) thrown at [/HUDSON/workspace/8-2-build-linux-amd64/jdk8u66/4988/hotspot/src/share/vm/oops/constantPool.cpp, line 235]
Event: 28,700 Thread 0x00007fac2800a000 Exception <a 'java/lang/NoClassDefFoundError': org/slf4j/Logger> (0x00000000ef632b28) thrown at [/HUDSON/workspace/8-2-build-linux-amd64/jdk8u66/4988/hotspot/src/share/vm/oops/constantPool.cpp, line 235]
Event: 38,092 Thread 0x00007fac2800a000 Exception <a 'java/lang/NoClassDefFoundError': org/slf4j/Logger> (0x00000000ecd796d8) thrown at [/HUDSON/workspace/8-2-build-linux-amd64/jdk8u66/4988/hotspot/src/share/vm/oops/constantPool.cpp, line 235]
Event: 39,171 Thread 0x00007fac2800a000 Exception <a 'java/lang/ClassNotFoundException': com/sun/tools/javac/api/JavacTool> (0x00000000ecfaab08) thrown at [/HUDSON/workspace/8-2-build-linux-amd64/jdk8u66/4988/hotspot/src/share/vm/classfile/systemDictionary.cpp, line 210]
Event: 39,655 Thread 0x00007fac2800a000 Implicit null exception at 0x00007fac1944b324 to 0x00007fac19452781
Event: 95,348 Thread 0x00007fac2800a000 Exception <a 'java/io/FileNotFoundException'> (0x00000000ef06e220) thrown at [/HUDSON/workspace/8-2-build-linux-amd64/jdk8u66/4988/hotspot/src/share/vm/prims/jni.cpp, line 709]
Event: 96,179 Thread 0x00007fac2800a000 Exception <a 'java/io/FileNotFoundException'> (0x00000000ef0a3d18) thrown at [/HUDSON/workspace/8-2-build-linux-amd64/jdk8u66/4988/hotspot/src/share/vm/prims/jni.cpp, line 709]
Event: 118,162 Thread 0x00007fac2800a000 Implicit null exception at 0x00007fac18c8e975 to 0x00007fac18c8ecc5

Events (10 events):
Event: 119,811 loading class org/w3c/dom/DOMConfiguration done
Event: 119,812 loading class com/sun/org/apache/xerces/internal/impl/xs/XMLSchemaLoader done
Event: 119,812 loading class com/sun/org/apache/xerces/internal/util/SymbolTable
Event: 119,946 loading class com/sun/org/apache/xerces/internal/util/SymbolTable done
Event: 119,946 loading class com/sun/org/apache/xerces/internal/util/SymbolTable$Entry
Event: 119,946 loading class com/sun/org/apache/xerces/internal/util/SymbolTable$Entry done
Event: 119,946 loading class com/sun/org/apache/xerces/internal/impl/XMLEntityManager
Event: 120,120 loading class com/sun/org/apache/xerces/internal/xni/parser/XMLEntityResolver
Event: 120,120 loading class com/sun/org/apache/xerces/internal/xni/parser/XMLEntityResolver done
Event: 120,346 Executing VM operation: CollectForMetadataAllocation


Dynamic libraries:
00400000-00401000 r-xp 00000000 08:01 6302987                            /usr/lib/jvm/java-8-oracle/bin/java
00600000-00601000 rw-p 00000000 08:01 6302987                            /usr/lib/jvm/java-8-oracle/bin/java
010c3000-010e4000 rw-p 00000000 00:00 0                                  [heap]
c5600000-c7e00000 rw-p 00000000 00:00 0 
c7e00000-ec780000 ---p 00000000 00:00 0 
ec780000-f4f80000 rw-p 00000000 00:00 0 
fcf80000-100000000 ---p 00000000 00:00 0 
100000000-1002a0000 rw-p 00000000 00:00 0 
1002a0000-140000000 ---p 00000000 00:00 0 
7fabd8000000-7fabd8021000 rw-p 00000000 00:00 0 
7fabd8021000-7fabdc000000 ---p 00000000 00:00 0 
7fabdc000000-7fabdc021000 rw-p 00000000 00:00 0 
7fabdc021000-7fabe0000000 ---p 00000000 00:00 0 
7fabe0000000-7fabe0851000 rw-p 00000000 00:00 0 
7fabe0851000-7fabe4000000 ---p 00000000 00:00 0 
7fabe4000000-7fabe4021000 rw-p 00000000 00:00 0 
7fabe4021000-7fabe8000000 ---p 00000000 00:00 0 
7fabe8000000-7fabe9bed000 rw-p 00000000 00:00 0 
7fabe9bed000-7fabec000000 ---p 00000000 00:00 0 
7fabec000000-7fabed8b0000 rw-p 00000000 00:00 0 
7fabed8b0000-7fabf0000000 ---p 00000000 00:00 0 
7fabf0000000-7fabf0021000 rw-p 00000000 00:00 0 
7fabf0021000-7fabf4000000 ---p 00000000 00:00 0 
7fabf4000000-7fabf4021000 rw-p 00000000 00:00 0 
7fabf4021000-7fabf8000000 ---p 00000000 00:00 0 
7fabf8000000-7fabf828a000 rw-p 00000000 00:00 0 
7fabf828a000-7fabfc000000 ---p 00000000 00:00 0 
7fabfc000000-7fabfc021000 rw-p 00000000 00:00 0 
7fabfc021000-7fac00000000 ---p 00000000 00:00 0 
7fac00000000-7fac00021000 rw-p 00000000 00:00 0 
7fac00021000-7fac04000000 ---p 00000000 00:00 0 
7fac04000000-7fac04021000 rw-p 00000000 00:00 0 
7fac04021000-7fac08000000 ---p 00000000 00:00 0 
7fac08000000-7fac08021000 rw-p 00000000 00:00 0 
7fac08021000-7fac0c000000 ---p 00000000 00:00 0 
7fac0dfa6000-7fac0dfd2000 rw-p 00000000 00:00 0 
7fac0dfd2000-7fac0e1a6000 ---p 00000000 00:00 0 
7fac0e1a6000-7fac0e3a6000 rw-p 00000000 00:00 0 
7fac0e3a6000-7fac0e5a6000 rw-p 00000000 00:00 0 
7fac0e5a6000-7fac0e5a8000 r--s 00000000 08:01 6304896                    /root/.m2/repository/org/codehaus/plexus/plexus-compiler-manager/2.2/plexus-compiler-manager-2.2.jar
7fac0e5f3000-7fac0e5f4000 rw-p 00000000 00:00 0 
7fac0e5f4000-7fac0e606000 r--s 00345000 08:01 9045100                    /usr/lib/jvm/java-8-oracle/jre/lib/resources.jar
7fac0e606000-7fac0e60d000 r--s 00000000 08:01 5506485                    /usr/lib/x86_64-linux-gnu/gconv/gconv-modules.cache
7fac0e60d000-7fac0e62f000 r--p 00000000 08:01 6957153                    /usr/share/locale-langpack/pt_BR/LC_MESSAGES/libc.mo
7fac0e62f000-7fac0e633000 r--s 00028000 08:01 5127963                    /root/.m2/repository/unknown/binary/hibernate-jpamodelgen-4.3.1.Final/SNAPSHOT/hibernate-jpamodelgen-4.3.1.Final-SNAPSHOT.jar
7fac0e633000-7fac0e634000 r--s 00006000 08:01 5127779                    /root/.m2/repository/org/jboss/spec/javax/transaction/jboss-transaction-api_1.2_spec/1.0.0.Final/jboss-transaction-api_1.2_spec-1.0.0.Final.jar
7fac0e634000-7fac0e639000 r--s 00017000 08:01 5127778                    /root/.m2/repository/org/hibernate/javax/persistence/hibernate-jpa-2.1-api/1.0.0.Final/hibernate-jpa-2.1-api-1.0.0.Final.jar
7fac0e639000-7fac0e63c000 r--s 00010000 08:01 5127775                    /root/.m2/repository/org/hibernate/common/hibernate-commons-annotations/4.0.4.Final/hibernate-commons-annotations-4.0.4.Final.jar
7fac0e63c000-7fac0e641000 r--s 00048000 08:01 5127765                    /root/.m2/repository/dom4j/dom4j/1.6.1/dom4j-1.6.1.jar
7fac0e641000-7fac0e643000 r--s 00011000 08:01 5127770                    /root/.m2/repository/org/jboss/jandex/1.1.0.Final/jandex-1.1.0.Final.jar
7fac0e643000-7fac0e648000 r--s 00068000 08:01 5127768                    /root/.m2/repository/antlr/antlr/2.7.7/antlr-2.7.7.jar
7fac0e648000-7fac0e6a6000 r--s 0049c000 08:01 5127834                    /root/.m2/repository/org/hibernate/hibernate-core/4.3.1.Final/hibernate-core-4.3.1.Final.jar
7fac0e6a6000-7fac0e6a7000 r--s 00002000 08:01 5127764                    /root/.m2/repository/org/jboss/logging/jboss-logging-annotations/1.2.0.Beta1/jboss-logging-annotations-1.2.0.Beta1.jar
7fac0e6a7000-7fac0e6a9000 r--s 0000c000 08:01 5127766                    /root/.m2/repository/org/jboss/logging/jboss-logging/3.1.3.GA/jboss-logging-3.1.3.GA.jar
7fac0e6a9000-7fac0e6b7000 r--s 00090000 08:01 5127763                    /root/.m2/repository/org/hibernate/hibernate-entitymanager/4.3.1.Final/hibernate-entitymanager-4.3.1.Final.jar
7fac0e6b7000-7fac0e6e2000 r--s 001fc000 08:01 3675934                    /root/.m2/repository/com/google/guava/guava/18.0/guava-18.0.jar
7fac0e6e2000-7fac0e75a000 r--s 010e3000 08:01 6446048                    /usr/lib/jvm/java-8-oracle/lib/tools.jar
7fac0e75a000-7fac0e75d000 r--s 0001b000 08:01 5255346                    /root/.m2/repository/junit/junit/3.8.2/junit-3.8.2.jar
7fac0e75d000-7fac0e76b000 r--s 0008f000 08:01 3413656                    /root/.m2/repository/com/google/collections/google-collections/1.0/google-collections-1.0.jar
7fac0e76b000-7fac0e76c000 r--s 0000a000 08:01 5382091                    /root/.m2/repository/commons-logging/commons-logging-api/1.1/commons-logging-api-1.1.jar
7fac0e76c000-7fac0e773000 r--s 00051000 08:01 5255345                    /root/.m2/repository/log4j/log4j/1.2.12/log4j-1.2.12.jar
7fac0e773000-7fac0e777000 r--s 0001d000 08:01 2626089                    /root/.m2/repository/org/apache/xbean/xbean-reflect/3.4/xbean-reflect-3.4.jar
7fac0e777000-7fac0e778000 r--s 00004000 08:01 6304898                    /root/.m2/repository/org/codehaus/plexus/plexus-compiler-javac/2.2/plexus-compiler-javac-2.2.jar
7fac0e778000-7fac0e77a000 r--s 00005000 08:01 6304894                    /root/.m2/repository/org/codehaus/plexus/plexus-compiler-api/2.2/plexus-compiler-api-2.2.jar
7fac0e77a000-7fac0e77c000 r--s 00002000 08:01 6304891                    /root/.m2/repository/org/apache/maven/shared/maven-shared-incremental/1.1/maven-shared-incremental-1.1.jar
7fac0e77c000-7fac0e77e000 r--s 00006000 08:01 6304892                    /root/.m2/repository/com/google/code/findbugs/jsr305/2.0.1/jsr305-2.0.1.jar
7fac0e77e000-7fac0e781000 r--s 00023000 08:01 6304893                    /root/.m2/repository/org/apache/maven/shared/maven-shared-utils/0.1/maven-shared-utils-0.1.jar
7fac0e781000-7fac0e785000 r--s 00030000 08:01 5127982                    /root/.m2/repository/org/codehaus/plexus/plexus-utils/1.5.1/plexus-utils-1.5.1.jar
7fac0e785000-7fac0e787000 r--s 00009000 08:01 3281733                    /root/.m2/repository/org/apache/maven/plugins/maven-compiler-plugin/3.1/maven-compiler-plugin-3.1.jar
7fac0e787000-7fac0e789000 r--s 0000d000 08:01 6304833                    /root/.m2/repository/org/codehaus/plexus/plexus-interpolation/1.13/plexus-interpolation-1.13.jar
7fac0e789000-7fac0e78a000 r--s 00001000 08:01 5904795                    /root/.m2/repository/org/sonatype/plexus/plexus-build-api/0.0.4/plexus-build-api-0.0.4.jar
7fac0e78a000-7fac0e78c000 r--s 00009000 08:01 6304832                    /root/.m2/repository/org/apache/maven/shared/maven-filtering/1.0/maven-filtering-1.0.jar
7fac0e78c000-7fac0e78d000 r--s 00001000 08:01 6168620                    /root/.m2/repository/org/apache/maven/doxia/doxia-sink-api/1.0-alpha-7/doxia-sink-api-1.0-alpha-7.jar
7fac0e78d000-7fac0e78e000 r--s 00002000 08:01 6168619                    /root/.m2/repository/org/apache/maven/reporting/maven-reporting-api/2.0.6/maven-reporting-api-2.0.6.jar
7fac0e78e000-7fac0e790000 r--s 00005000 08:01 2889482                    /root/.m2/repository/org/apache/maven/plugins/maven-resources-plugin/2.5/maven-resources-plugin-2.5.jar
7fac0e790000-7fac0e79e000 r--s 0007f000 08:01 5512940                    /root/.m2/repository/commons-collections/commons-collections/3.2.1/commons-collections-3.2.1.jar
7fac0e79e000-7fac0e7a3000 r--s 00041000 08:01 4720336                    /root/.m2/repository/commons-lang/commons-lang/2.6/commons-lang-2.6.jar
7fac0e7a3000-7fac0e7a5000 r--s 00006000 08:01 4720332                    /root/.m2/repository/org/apache/maven/shared/maven-invoker/2.0.11/maven-invoker-2.0.11.jar
7fac0e7a5000-7fac0e7a7000 r--s 00006000 08:01 6304689                    /root/.m2/repository/org/apache/maven/shared/maven-common-artifact-filters/1.4/maven-common-artifact-filters-1.4.jar
7fac0e7a7000-7fac0e7a9000 r--s 0000c000 08:01 6304688                    /root/.m2/repository/org/apache/maven/shared/maven-dependency-tree/2.0/maven-dependency-tree-2.0.jar
7fac0e7a9000-7fac0e7ab000 r--s 00000000 08:01 5255317                    /root/.m2/repository/org/codehaus/plexus/plexus-component-annotations/1.5.5/plexus-component-annotations-1.5.5.jar
7fac0e7ab000-7fac0e7ac000 r--s 0000a000 08:01 4997178                    /root/.m2/repository/asm/asm/3.3.1/asm-3.3.1.jar
7fac0e7ac000-7fac0e7ae000 r--s 00005000 08:01 6304685                    /root/.m2/repository/org/apache/maven/shared/maven-dependency-analyzer/1.3/maven-dependency-analyzer-1.3.jar
7fac0e7ae000-7fac0e7b1000 r--s 0000c000 08:01 6304684                    /root/.m2/repository/org/codehaus/plexus/plexus-io/2.0.6/plexus-io-2.0.6.jar
7fac0e7b1000-7fac0e7b4000 r--s 0001b000 08:01 5255343                    /root/.m2/repository/junit/junit/3.8.1/junit-3.8.1.jar
7fac0e7b4000-7fac0e7b6000 r--s 00008000 08:01 6304681                    /root/.m2/repository/org/apache/maven/shared/maven-shared-io/1.1/maven-shared-io-1.1.jar
7fac0e7b6000-7fac0e7b8000 r--s 00008000 08:01 6304680                    /root/.m2/repository/org/apache/maven/shared/file-management/1.2.1/file-management-1.2.1.jar
7fac0e7b8000-7fac0e7bc000 r--s 00035000 08:01 6304679                    /root/.m2/repository/org/codehaus/plexus/plexus-utils/3.0.9/plexus-utils-3.0.9.jar
7fac0e7bc000-7fac0e7c1000 r--s 00029000 08:01 6304678                    /root/.m2/repository/org/codehaus/plexus/plexus-archiver/2.2/plexus-archiver-2.2.jar
7fac0e7c1000-7fac0e7c3000 r--s 00004000 08:01 6168614                    /root/.m2/repository/org/apache/maven/doxia/doxia-module-xhtml/1.0/doxia-module-xhtml-1.0.jar
7fac0e7c3000-7fac0e7c4000 r--s 00006000 08:01 6168613                    /root/.m2/repository/org/apache/maven/doxia/doxia-module-xdoc/1.0/doxia-module-xdoc-1.0.jar
7fac0e7c4000-7fac0e7c5000 r--s 00004000 08:01 6168612                    /root/.m2/repository/org/apache/maven/doxia/doxia-module-fml/1.0/doxia-module-fml-1.0.jar
7fac0e7c5000-7fac0e7c7000 r--s 0000a000 08:01 6168607                    /root/.m2/repository/org/apache/maven/doxia/doxia-module-apt/1.0/doxia-module-apt-1.0.jar
7fac0e7c7000-7fac0e7c8000 r--s 0000b000 08:01 6168606                    /root/.m2/repository/org/apache/maven/doxia/doxia-decoration-model/1.0/doxia-decoration-model-1.0.jar
7fac0e7c8000-7fac0e7d0000 r--s 00058000 08:01 4721267                    /root/.m2/repository/org/apache/velocity/velocity/1.5/velocity-1.5.jar
7fac0e7d0000-7fac0e7d1000 r--s 00001000 08:01 6168605                    /root/.m2/repository/org/codehaus/plexus/plexus-velocity/1.1.7/plexus-velocity-1.1.7.jar
7fac0e7d1000-7fac0e7d2000 r--s 00002000 08:01 6168604                    /root/.m2/repository/org/codehaus/plexus/plexus-i18n/1.0-beta-7/plexus-i18n-1.0-beta-7.jar
7fac0e7d2000-7fac0e7d4000 r--s 0000a000 08:01 6168601                    /root/.m2/repository/org/apache/maven/doxia/doxia-site-renderer/1.0/doxia-site-renderer-1.0.jar
7fac0e7d4000-7fac0e7d5000 r--s 00002000 08:01 5646624                    /root/.m2/repository/org/apache/maven/doxia/doxia-sink-api/1.0/doxia-sink-api-1.0.jar
7fac0e7d5000-7fac0e7da000 r--s 00016000 08:01 5127773                    /root/.m2/repository/xml-apis/xml-apis/1.0.b2/xml-apis-1.0.b2.jar
7fac0e7da000-7fac0e7dc000 r--s 0000e000 08:01 4721270                    /root/.m2/repository/oro/oro/2.0.8/oro-2.0.8.jar
7fac0e7dc000-7fac0e7de000 r--s 00008000 08:01 6304676                    /root/.m2/repository/commons-logging/commons-logging/1.0.4/commons-logging-1.0.4.jar
7fac0e7de000-7fac0e7e2000 r--s 00026000 08:01 6168598                    /root/.m2/repository/commons-digester/commons-digester/1.6/commons-digester-1.6.jar
7fac0e7e2000-7fac0e7e7000 r--s 0002a000 08:01 6168597                    /root/.m2/repository/commons-beanutils/commons-beanutils/1.7.0/commons-beanutils-1.7.0.jar
7fac0e7e7000-7fac0e7ea000 r--s 00014000 08:01 2626087                    /root/.m2/repository/commons-validator/commons-validator/1.2.0/commons-validator-1.2.0.jar
7fac0e7ea000-7fac0e7ed000 r--s 00018000 08:01 6168596                    /root/.m2/repository/commons-io/commons-io/1.4/commons-io-1.4.jar
7fac0e7ed000-7fac0e7ef000 r--s 00009000 08:01 6168595                    /root/.m2/repository/org/apache/maven/shared/maven-doxia-tools/1.0.2/maven-doxia-tools-1.0.2.jar
7fac0e7ef000-7fac0e9ef000 rw-p 00000000 00:00 0 
7fac0e9ef000-7fac0ea00000 r-xp 00000000 08:01 9045271                    /usr/lib/jvm/java-8-oracle/jre/lib/amd64/libnio.so
7fac0ea00000-7fac0ebff000 ---p 00011000 08:01 9045271                    /usr/lib/jvm/java-8-oracle/jre/lib/amd64/libnio.so
7fac0ebff000-7fac0ec00000 rw-p 00010000 08:01 9045271                    /usr/lib/jvm/java-8-oracle/jre/lib/amd64/libnio.so
7fac0ec00000-7fac0ef01000 rw-p 00000000 00:00 0 
7fac0ef01000-7fac0ef17000 r-xp 00000000 08:01 9045268                    /usr/lib/jvm/java-8-oracle/jre/lib/amd64/libnet.so
7fac0ef17000-7fac0f117000 ---p 00016000 08:01 9045268                    /usr/lib/jvm/java-8-oracle/jre/lib/amd64/libnet.so
7fac0f117000-7fac0f118000 rw-p 00016000 08:01 9045268                    /usr/lib/jvm/java-8-oracle/jre/lib/amd64/libnet.so
7fac0f118000-7fac0f318000 rw-p 00000000 00:00 0 
7fac0f318000-7fac0f518000 rw-p 00000000 00:00 0 
7fac0f518000-7fac0f519000 ---p 00000000 00:00 0 
7fac0f519000-7fac0f619000 rw-p 00000000 00:00 0                          [stack:5181]
7fac0f619000-7fac0f61c000 ---p 00000000 00:00 0 
7fac0f61c000-7fac0f71a000 rw-p 00000000 00:00 0                          [stack:5180]
7fac0f71a000-7fac0f71d000 ---p 00000000 00:00 0 
7fac0f71d000-7fac0f81b000 rw-p 00000000 00:00 0                          [stack:5179]
7fac0f81b000-7fac0f81e000 ---p 00000000 00:00 0 
7fac0f81e000-7fac0f91c000 rw-p 00000000 00:00 0                          [stack:5178]
7fac0f91c000-7fac10000000 r--p 00000000 08:01 5119239                    /usr/lib/locale/locale-archive
7fac10000000-7fac10021000 rw-p 00000000 00:00 0 
7fac10021000-7fac14000000 ---p 00000000 00:00 0 
7fac14000000-7fac14003000 r--s 0000b000 08:01 6034725                    /root/.m2/repository/org/apache/maven/doxia/doxia-core/1.0/doxia-core-1.0.jar
7fac14003000-7fac14005000 r--s 00004000 08:01 5781931                    /root/.m2/repository/org/apache/maven/reporting/maven-reporting-impl/2.0.5/maven-reporting-impl-2.0.5.jar
7fac14005000-7fac14006000 r--s 00002000 08:01 5513050                    /root/.m2/repository/org/apache/maven/reporting/maven-reporting-api/3.0/maven-reporting-api-3.0.jar
7fac14006000-7fac14008000 r--s 00002000 08:01 5513049                    /root/.m2/repository/org/codehaus/plexus/plexus-interactivity-api/1.0-alpha-4/plexus-interactivity-api-1.0-alpha-4.jar
7fac14008000-7fac1400a000 r--s 00006000 08:01 5382089                    /root/.m2/repository/commons-cli/commons-cli/1.0/commons-cli-1.0.jar
7fac1400a000-7fac1400d000 r--s 00021000 08:01 3675774                    /root/.m2/repository/org/apache/maven/plugins/maven-dependency-plugin/2.6/maven-dependency-plugin-2.6.jar
7fac1400d000-7fac14011000 r--s 00033000 08:01 5127953                    /root/.m2/repository/org/codehaus/plexus/plexus-utils/2.0.5/plexus-utils-2.0.5.jar
7fac14011000-7fac14012000 r--s 00005000 08:01 3806093                    /root/.m2/repository/org/apache/maven/plugins/maven-clean-plugin/2.4.1/maven-clean-plugin-2.4.1.jar
7fac14012000-7fac14015000 ---p 00000000 00:00 0 
7fac14015000-7fac1404b000 rw-p 00000000 00:00 0 
7fac1404b000-7fac1404c000 r--p 00000000 00:00 0 
7fac1404c000-7fac14051000 r--s 00096000 08:01 9045114                    /usr/lib/jvm/java-8-oracle/jre/lib/jsse.jar
7fac14051000-7fac14053000 r--s 0000c000 08:01 4460209                    /home/yoda/netbeans-8.0/java/maven-nblib/netbeans-eventspy.jar
7fac14053000-7fac14055000 r--s 0000b000 08:01 4460200                    /home/yoda/netbeans-8.0/java/maven/lib/maven-artifact-3.0.5.jar
7fac14055000-7fac14057000 r--s 0000b000 08:01 4460188                    /home/yoda/netbeans-8.0/java/maven/lib/maven-plugin-api-3.0.5.jar
7fac14057000-7fac14058000 r--s 00006000 08:01 4460143                    /home/yoda/netbeans-8.0/java/maven/lib/plexus-sec-dispatcher-1.3.jar
7fac14058000-7fac1405a000 r--s 0000b000 08:01 4460187                    /home/yoda/netbeans-8.0/java/maven/lib/wagon-provider-api-2.4.jar
7fac1405a000-7fac14060000 r--s 0003f000 08:01 4460215                    /home/yoda/netbeans-8.0/java/maven/lib/maven-compat-3.0.5.jar
7fac14060000-7fac14062000 r--s 0000a000 08:01 4460202                    /home/yoda/netbeans-8.0/java/maven/lib/maven-settings-3.0.5.jar
7fac14062000-7fac1406c000 r--s 00116000 08:01 9045125                    /usr/lib/jvm/java-8-oracle/jre/lib/ext/localedata.jar
7fac1406c000-7fac14088000 r--s 00393000 08:01 9045118                    /usr/lib/jvm/java-8-oracle/jre/lib/ext/cldrdata.jar
7fac14088000-7fac1408c000 r--s 00033000 08:01 4460212                    /home/yoda/netbeans-8.0/java/maven/lib/plexus-utils-2.0.6.jar
7fac1408c000-7fac14090000 r--s 0001c000 08:01 4460214                    /home/yoda/netbeans-8.0/java/maven/lib/aether-util-1.13.1.jar
7fac14090000-7fac140af000 r--s 00154000 08:01 4460227                    /home/yoda/netbeans-8.0/java/maven/lib/sisu-guava-0.9.9.jar
7fac140af000-7fac140b1000 r--s 00009000 08:01 4460229                    /home/yoda/netbeans-8.0/java/maven/lib/commons-cli-1.2.jar
7fac140b1000-7fac140b3000 r--s 00002000 08:01 4460219                    /home/yoda/netbeans-8.0/java/maven/lib/plexus-cipher-1.7.jar
7fac140b3000-7fac140b7000 r--s 00021000 08:01 4460142                    /home/yoda/netbeans-8.0/java/maven/lib/maven-model-builder-3.0.5.jar
7fac140b7000-7fac140be000 r--s 0003f000 08:01 4460189                    /home/yoda/netbeans-8.0/java/maven/lib/sisu-inject-bean-2.3.0.jar
7fac140be000-7fac140c5000 r--s 0002b000 08:01 4460163                    /home/yoda/netbeans-8.0/java/maven/lib/sisu-inject-plexus-2.3.0.jar
7fac140c5000-7fac140e0000 r--s 000e4000 08:01 4460197                    /home/yoda/netbeans-8.0/java/maven/lib/wagon-http-2.4-shaded.jar
7fac140e0000-7fac140e3000 ---p 00000000 00:00 0 
7fac140e3000-7fac141e1000 rw-p 00000000 00:00 0                          [stack:5177]
7fac141e1000-7fac141e4000 ---p 00000000 00:00 0 
7fac141e4000-7fac142e2000 rw-p 00000000 00:00 0                          [stack:5176]
7fac142e2000-7fac142e5000 ---p 00000000 00:00 0 
7fac142e5000-7fac143e3000 rw-p 00000000 00:00 0                          [stack:5175]
7fac143e3000-7fac143e6000 ---p 00000000 00:00 0 
7fac143e6000-7fac144e4000 rw-p 00000000 00:00 0                          [stack:5174]
7fac144e4000-7fac144e5000 ---p 00000000 00:00 0 
7fac144e5000-7fac15585000 rw-p 00000000 00:00 0                          [stack:5173]
7fac15585000-7fac1575e000 r--s 03d20000 08:01 9045064                    /usr/lib/jvm/java-8-oracle/jre/lib/rt.jar
7fac1575e000-7fac17ef9000 rw-p 00000000 00:00 0 
7fac17ef9000-7fac17efa000 ---p 00000000 00:00 0 
7fac17efa000-7fac17ffa000 rw-p 00000000 00:00 0                          [stack:5172]
7fac17ffa000-7fac17ffb000 ---p 00000000 00:00 0 
7fac17ffb000-7fac180fb000 rw-p 00000000 00:00 0                          [stack:5171]
7fac180fb000-7fac180fc000 ---p 00000000 00:00 0 
7fac180fc000-7fac181fc000 rw-p 00000000 00:00 0                          [stack:5170]
7fac181fc000-7fac181fd000 ---p 00000000 00:00 0 
7fac181fd000-7fac18311000 rw-p 00000000 00:00 0                          [stack:5169]
7fac18311000-7fac18436000 ---p 00000000 00:00 0 
7fac18436000-7fac1844a000 rw-p 00000000 00:00 0 
7fac1844a000-7fac1856e000 ---p 00000000 00:00 0 
7fac1856e000-7fac185b3000 rw-p 00000000 00:00 0 
7fac185b3000-7fac1860b000 ---p 00000000 00:00 0 
7fac1860b000-7fac18638000 rw-p 00000000 00:00 0 
7fac18638000-7fac189cc000 ---p 00000000 00:00 0 
7fac189cc000-7fac194cc000 rwxp 00000000 00:00 0 
7fac194cc000-7fac279cc000 ---p 00000000 00:00 0 
7fac279cc000-7fac279e6000 r-xp 00000000 08:01 9045264                    /usr/lib/jvm/java-8-oracle/jre/lib/amd64/libzip.so
7fac279e6000-7fac27be6000 ---p 0001a000 08:01 9045264                    /usr/lib/jvm/java-8-oracle/jre/lib/amd64/libzip.so
7fac27be6000-7fac27be7000 rw-p 0001a000 08:01 9045264                    /usr/lib/jvm/java-8-oracle/jre/lib/amd64/libzip.so
7fac27be7000-7fac27bf3000 r-xp 00000000 08:01 2888117                    /lib/x86_64-linux-gnu/libnss_files-2.21.so
7fac27bf3000-7fac27df2000 ---p 0000c000 08:01 2888117                    /lib/x86_64-linux-gnu/libnss_files-2.21.so
7fac27df2000-7fac27df3000 r--p 0000b000 08:01 2888117                    /lib/x86_64-linux-gnu/libnss_files-2.21.so
7fac27df3000-7fac27df4000 rw-p 0000c000 08:01 2888117                    /lib/x86_64-linux-gnu/libnss_files-2.21.so
7fac27df4000-7fac27dff000 r-xp 00000000 08:01 2888127                    /lib/x86_64-linux-gnu/libnss_nis-2.21.so
7fac27dff000-7fac27ffe000 ---p 0000b000 08:01 2888127                    /lib/x86_64-linux-gnu/libnss_nis-2.21.so
7fac27ffe000-7fac27fff000 r--p 0000a000 08:01 2888127                    /lib/x86_64-linux-gnu/libnss_nis-2.21.so
7fac27fff000-7fac28000000 rw-p 0000b000 08:01 2888127                    /lib/x86_64-linux-gnu/libnss_nis-2.21.so
7fac28000000-7fac28d30000 rw-p 00000000 00:00 0 
7fac28d30000-7fac2c000000 ---p 00000000 00:00 0 
7fac2c000000-7fac2c002000 r--s 0000d000 08:01 4460144                    /home/yoda/netbeans-8.0/java/maven/lib/plexus-interpolation-1.14.jar
7fac2c002000-7fac2c004000 r--s 00006000 08:01 4460070                    /home/yoda/netbeans-8.0/java/maven/lib/aether-connector-wagon-1.13.1.jar
7fac2c004000-7fac2c006000 r--s 00000000 08:01 4459905                    /home/yoda/netbeans-8.0/java/maven/lib/plexus-component-annotations-1.5.5.jar
7fac2c006000-7fac2c00a000 r--s 00013000 08:01 4460220                    /home/yoda/netbeans-8.0/java/maven/lib/aether-api-1.13.1.jar
7fac2c00a000-7fac2c016000 r--s 0007d000 08:01 4460226                    /home/yoda/netbeans-8.0/java/maven/lib/maven-core-3.0.5.jar
7fac2c016000-7fac2c019000 r--s 00008000 08:01 4460095                    /home/yoda/netbeans-8.0/java/maven/lib/maven-settings-builder-3.0.5.jar
7fac2c019000-7fac2c03a000 rw-p 00000000 00:00 0 
7fac2c03a000-7fac2c051000 r-xp 00000000 08:01 2888111                    /lib/x86_64-linux-gnu/libnsl-2.21.so
7fac2c051000-7fac2c250000 ---p 00017000 08:01 2888111                    /lib/x86_64-linux-gnu/libnsl-2.21.so
7fac2c250000-7fac2c251000 r--p 00016000 08:01 2888111                    /lib/x86_64-linux-gnu/libnsl-2.21.so
7fac2c251000-7fac2c252000 rw-p 00017000 08:01 2888111                    /lib/x86_64-linux-gnu/libnsl-2.21.so
7fac2c252000-7fac2c254000 rw-p 00000000 00:00 0 
7fac2c254000-7fac2c25c000 r-xp 00000000 08:01 2888113                    /lib/x86_64-linux-gnu/libnss_compat-2.21.so
7fac2c25c000-7fac2c45b000 ---p 00008000 08:01 2888113                    /lib/x86_64-linux-gnu/libnss_compat-2.21.so
7fac2c45b000-7fac2c45c000 r--p 00007000 08:01 2888113                    /lib/x86_64-linux-gnu/libnss_compat-2.21.so
7fac2c45c000-7fac2c45d000 rw-p 00008000 08:01 2888113                    /lib/x86_64-linux-gnu/libnss_compat-2.21.so
7fac2c45d000-7fac2c487000 r-xp 00000000 08:01 9045259                    /usr/lib/jvm/java-8-oracle/jre/lib/amd64/libjava.so
7fac2c487000-7fac2c687000 ---p 0002a000 08:01 9045259                    /usr/lib/jvm/java-8-oracle/jre/lib/amd64/libjava.so
7fac2c687000-7fac2c689000 rw-p 0002a000 08:01 9045259                    /usr/lib/jvm/java-8-oracle/jre/lib/amd64/libjava.so
7fac2c689000-7fac2c696000 r-xp 00000000 08:01 9045263                    /usr/lib/jvm/java-8-oracle/jre/lib/amd64/libverify.so
7fac2c696000-7fac2c896000 ---p 0000d000 08:01 9045263                    /usr/lib/jvm/java-8-oracle/jre/lib/amd64/libverify.so
7fac2c896000-7fac2c898000 rw-p 0000d000 08:01 9045263                    /usr/lib/jvm/java-8-oracle/jre/lib/amd64/libverify.so
7fac2c898000-7fac2c89f000 r-xp 00000000 08:01 2888172                    /lib/x86_64-linux-gnu/librt-2.21.so
7fac2c89f000-7fac2ca9e000 ---p 00007000 08:01 2888172                    /lib/x86_64-linux-gnu/librt-2.21.so
7fac2ca9e000-7fac2ca9f000 r--p 00006000 08:01 2888172                    /lib/x86_64-linux-gnu/librt-2.21.so
7fac2ca9f000-7fac2caa0000 rw-p 00007000 08:01 2888172                    /lib/x86_64-linux-gnu/librt-2.21.so
7fac2caa0000-7fac2cba7000 r-xp 00000000 08:01 2888090                    /lib/x86_64-linux-gnu/libm-2.21.so
7fac2cba7000-7fac2cda6000 ---p 00107000 08:01 2888090                    /lib/x86_64-linux-gnu/libm-2.21.so
7fac2cda6000-7fac2cda7000 r--p 00106000 08:01 2888090                    /lib/x86_64-linux-gnu/libm-2.21.so
7fac2cda7000-7fac2cda8000 rw-p 00107000 08:01 2888090                    /lib/x86_64-linux-gnu/libm-2.21.so
7fac2cda8000-7fac2da66000 r-xp 00000000 08:01 9045242                    /usr/lib/jvm/java-8-oracle/jre/lib/amd64/server/libjvm.so
7fac2da66000-7fac2dc65000 ---p 00cbe000 08:01 9045242                    /usr/lib/jvm/java-8-oracle/jre/lib/amd64/server/libjvm.so
7fac2dc65000-7fac2dd3e000 rw-p 00cbd000 08:01 9045242                    /usr/lib/jvm/java-8-oracle/jre/lib/amd64/server/libjvm.so
7fac2dd3e000-7fac2dd82000 rw-p 00000000 00:00 0 
7fac2dd82000-7fac2df42000 r-xp 00000000 08:01 2888028                    /lib/x86_64-linux-gnu/libc-2.21.so
7fac2df42000-7fac2e142000 ---p 001c0000 08:01 2888028                    /lib/x86_64-linux-gnu/libc-2.21.so
7fac2e142000-7fac2e146000 r--p 001c0000 08:01 2888028                    /lib/x86_64-linux-gnu/libc-2.21.so
7fac2e146000-7fac2e148000 rw-p 001c4000 08:01 2888028                    /lib/x86_64-linux-gnu/libc-2.21.so
7fac2e148000-7fac2e14c000 rw-p 00000000 00:00 0 
7fac2e14c000-7fac2e14f000 r-xp 00000000 08:01 2888047                    /lib/x86_64-linux-gnu/libdl-2.21.so
7fac2e14f000-7fac2e34e000 ---p 00003000 08:01 2888047                    /lib/x86_64-linux-gnu/libdl-2.21.so
7fac2e34e000-7fac2e34f000 r--p 00002000 08:01 2888047                    /lib/x86_64-linux-gnu/libdl-2.21.so
7fac2e34f000-7fac2e350000 rw-p 00003000 08:01 2888047                    /lib/x86_64-linux-gnu/libdl-2.21.so
7fac2e350000-7fac2e365000 r-xp 00000000 08:01 9044959                    /usr/lib/jvm/java-8-oracle/lib/amd64/jli/libjli.so
7fac2e365000-7fac2e565000 ---p 00015000 08:01 9044959                    /usr/lib/jvm/java-8-oracle/lib/amd64/jli/libjli.so
7fac2e565000-7fac2e566000 rw-p 00015000 08:01 9044959                    /usr/lib/jvm/java-8-oracle/lib/amd64/jli/libjli.so
7fac2e566000-7fac2e57e000 r-xp 00000000 08:01 2888164                    /lib/x86_64-linux-gnu/libpthread-2.21.so
7fac2e57e000-7fac2e77e000 ---p 00018000 08:01 2888164                    /lib/x86_64-linux-gnu/libpthread-2.21.so
7fac2e77e000-7fac2e77f000 r--p 00018000 08:01 2888164                    /lib/x86_64-linux-gnu/libpthread-2.21.so
7fac2e77f000-7fac2e780000 rw-p 00019000 08:01 2888164                    /lib/x86_64-linux-gnu/libpthread-2.21.so
7fac2e780000-7fac2e784000 rw-p 00000000 00:00 0 
7fac2e784000-7fac2e7a8000 r-xp 00000000 08:01 2888000                    /lib/x86_64-linux-gnu/ld-2.21.so
7fac2e7a8000-7fac2e7a9000 r--s 00002000 08:01 4460231                    /home/yoda/netbeans-8.0/java/maven/lib/wagon-file-2.4.jar
7fac2e7a9000-7fac2e7b1000 r--s 00050000 08:01 4460174                    /home/yoda/netbeans-8.0/java/maven/lib/sisu-guice-3.1.0-no_aop.jar
7fac2e7b1000-7fac2e7b4000 r--s 0001d000 08:01 4460213                    /home/yoda/netbeans-8.0/java/maven/lib/aether-impl-1.13.1.jar
7fac2e7b4000-7fac2e879000 rw-p 00000000 00:00 0 
7fac2e879000-7fac2e87c000 ---p 00000000 00:00 0 
7fac2e87c000-7fac2e97e000 rw-p 00000000 00:00 0                          [stack:5168]
7fac2e97e000-7fac2e97f000 r--s 0000a000 08:01 4460201                    /home/yoda/netbeans-8.0/java/maven/lib/maven-embedder-3.0.5.jar
7fac2e97f000-7fac2e980000 r--s 00003000 08:01 4460221                    /home/yoda/netbeans-8.0/java/maven/lib/aether-spi-1.13.1.jar
7fac2e980000-7fac2e982000 r--s 0000c000 08:01 4460111                    /home/yoda/netbeans-8.0/java/maven/lib/maven-aether-provider-3.0.5.jar
7fac2e982000-7fac2e984000 r--s 00026000 08:01 4460218                    /home/yoda/netbeans-8.0/java/maven/lib/maven-model-3.0.5.jar
7fac2e984000-7fac2e986000 r--s 00006000 08:01 4460007                    /home/yoda/netbeans-8.0/java/maven/lib/maven-repository-metadata-3.0.5.jar
7fac2e986000-7fac2e988000 r--s 0000a000 08:01 4460176                    /home/yoda/netbeans-8.0/java/maven/boot/plexus-classworlds-2.4.jar
7fac2e988000-7fac2e99b000 rw-p 00000000 00:00 0 
7fac2e99b000-7fac2e9a3000 rw-s 00000000 08:01 7999883                    /tmp/hsperfdata_root/5163
7fac2e9a3000-7fac2e9a4000 rw-p 00000000 00:00 0 
7fac2e9a4000-7fac2e9a5000 ---p 00000000 00:00 0 
7fac2e9a5000-7fac2e9a7000 rw-p 00000000 00:00 0 
7fac2e9a7000-7fac2e9a8000 r--p 00023000 08:01 2888000                    /lib/x86_64-linux-gnu/ld-2.21.so
7fac2e9a8000-7fac2e9a9000 rw-p 00024000 08:01 2888000                    /lib/x86_64-linux-gnu/ld-2.21.so
7fac2e9a9000-7fac2e9aa000 rw-p 00000000 00:00 0 
7ffe82439000-7ffe8245a000 rw-p 00000000 00:00 0                          [stack]
7ffe825d8000-7ffe825da000 r--p 00000000 00:00 0                          [vvar]
7ffe825da000-7ffe825dc000 r-xp 00000000 00:00 0                          [vdso]
ffffffffff600000-ffffffffff601000 r-xp 00000000 00:00 0                  [vsyscall]

VM Arguments:
jvm_args: -Dclassworlds.conf=/home/yoda/netbeans-8.0/java/maven/bin/m2.conf -Dmaven.home=/home/yoda/netbeans-8.0/java/maven 
java_command: org.codehaus.plexus.classworlds.launcher.Launcher -Dmaven.ext.class.path=/home/yoda/netbeans-8.0/java/maven-nblib/netbeans-eventspy.jar clean install
java_class_path (initial): /home/yoda/netbeans-8.0/java/maven/boot/plexus-classworlds-2.4.jar
Launcher Type: SUN_STANDARD

Environment Variables:
JAVA_HOME=/usr/lib/jvm/java-8-oracle
PATH=/usr/local/sbin:/usr/local/bin:/usr/sbin:/usr/bin:/sbin:/bin
USERNAME=root
LD_LIBRARY_PATH=/usr/lib/jvm/java-8-oracle/jre/lib/amd64:/usr/lib/jvm/java-8-oracle/jre/lib/i386:
SHELL=/bin/bash
DISPLAY=:0

Signal Handlers:
SIGSEGV: [libjvm.so+0xaba2a0], sa_mask[0]=11111111011111111101111111111110, sa_flags=SA_RESTART|SA_SIGINFO
SIGBUS: [libjvm.so+0xaba2a0], sa_mask[0]=11111111011111111101111111111110, sa_flags=SA_RESTART|SA_SIGINFO
SIGFPE: [libjvm.so+0x917710], sa_mask[0]=11111111011111111101111111111110, sa_flags=SA_RESTART|SA_SIGINFO
SIGPIPE: [libjvm.so+0x917710], sa_mask[0]=11111111011111111101111111111110, sa_flags=SA_RESTART|SA_SIGINFO
SIGXFSZ: [libjvm.so+0x917710], sa_mask[0]=11111111011111111101111111111110, sa_flags=SA_RESTART|SA_SIGINFO
SIGILL: [libjvm.so+0x917710], sa_mask[0]=11111111011111111101111111111110, sa_flags=SA_RESTART|SA_SIGINFO
SIGUSR1: SIG_DFL, sa_mask[0]=00000000000000000000000000000000, sa_flags=none
SIGUSR2: [libjvm.so+0x918d40], sa_mask[0]=00100000000000000000000000000000, sa_flags=SA_RESTART|SA_SIGINFO
SIGHUP: [libjvm.so+0x91a140], sa_mask[0]=11111111011111111101111111111110, sa_flags=SA_RESTART|SA_SIGINFO
SIGINT: SIG_IGN, sa_mask[0]=00000000000000000000000000000000, sa_flags=none
SIGTERM: [libjvm.so+0x91a140], sa_mask[0]=11111111011111111101111111111110, sa_flags=SA_RESTART|SA_SIGINFO
SIGQUIT: [libjvm.so+0x91a140], sa_mask[0]=11111111011111111101111111111110, sa_flags=SA_RESTART|SA_SIGINFO


---------------  S Y S T E M  ---------------

OS:DISTRIB_ID=Ubuntu
DISTRIB_RELEASE=15.10
DISTRIB_CODENAME=wily
DISTRIB_DESCRIPTION="Ubuntu 15.10"

uname:Linux 4.2.0-18-generic #22-Ubuntu SMP Fri Nov 6 18:25:50 UTC 2015 x86_64
libc:glibc 2.21 NPTL 2.21 
rlimit: STACK 8192k, CORE 0k, NPROC 14845, NOFILE 65536, AS infinity
load average:7,58 3,26 1,60

/proc/meminfo:
MemTotal:        3835188 kB
MemFree:           28524 kB
MemAvailable:      82496 kB
Buffers:            1160 kB
Cached:           172400 kB
SwapCached:            0 kB
Active:          3506608 kB
Inactive:         132864 kB
Active(anon):    3490680 kB
Inactive(anon):   117372 kB
Active(file):      15928 kB
Inactive(file):    15492 kB
Unevictable:          40 kB
Mlocked:              40 kB
SwapTotal:             0 kB
SwapFree:              0 kB
Dirty:               184 kB
Writeback:             0 kB
AnonPages:       3466420 kB
Mapped:            78904 kB
Shmem:            141456 kB
Slab:              86240 kB
SReclaimable:      51496 kB
SUnreclaim:        34744 kB
KernelStack:       10720 kB
PageTables:        38860 kB
NFS_Unstable:          0 kB
Bounce:                0 kB
WritebackTmp:          0 kB
CommitLimit:     1917592 kB
Committed_AS:    6908116 kB
VmallocTotal:   34359738367 kB
VmallocUsed:      545356 kB
VmallocChunk:   34358423548 kB
HardwareCorrupted:     0 kB
AnonHugePages:   1296384 kB
CmaTotal:              0 kB
CmaFree:               0 kB
HugePages_Total:       0
HugePages_Free:        0
HugePages_Rsvd:        0
HugePages_Surp:        0
Hugepagesize:       2048 kB
DirectMap4k:      128780 kB
DirectMap2M:     3852288 kB


CPU:total 4 (2 cores per cpu, 2 threads per core) family 6 model 37 stepping 5, cmov, cx8, fxsr, mmx, sse, sse2, sse3, ssse3, sse4.1, sse4.2, popcnt, aes, clmul, ht, tsc, tscinvbit

/proc/cpuinfo:
processor	: 0
vendor_id	: GenuineIntel
cpu family	: 6
model		: 37
model name	: Intel(R) Core(TM) i5 CPU       M 560  @ 2.67GHz
stepping	: 5
microcode	: 0x4
cpu MHz		: 1199.000
cache size	: 3072 KB
physical id	: 0
siblings	: 4
core id		: 0
cpu cores	: 2
apicid		: 0
initial apicid	: 0
fpu		: yes
fpu_exception	: yes
cpuid level	: 11
wp		: yes
flags		: fpu vme de pse tsc msr pae mce cx8 apic sep mtrr pge mca cmov pat pse36 clflush dts acpi mmx fxsr sse sse2 ss ht tm pbe syscall nx rdtscp lm constant_tsc arch_perfmon pebs bts rep_good nopl xtopology nonstop_tsc aperfmperf pni pclmulqdq dtes64 monitor ds_cpl vmx smx est tm2 ssse3 cx16 xtpr pdcm pcid sse4_1 sse4_2 popcnt aes lahf_lm ida arat dtherm tpr_shadow vnmi flexpriority ept vpid
bugs		:
bogomips	: 5320.71
clflush size	: 64
cache_alignment	: 64
address sizes	: 36 bits physical, 48 bits virtual
power management:

processor	: 1
vendor_id	: GenuineIntel
cpu family	: 6
model		: 37
model name	: Intel(R) Core(TM) i5 CPU       M 560  @ 2.67GHz
stepping	: 5
microcode	: 0x4
cpu MHz		: 1199.000
cache size	: 3072 KB
physical id	: 0
siblings	: 4
core id		: 0
cpu cores	: 2
apicid		: 1
initial apicid	: 1
fpu		: yes
fpu_exception	: yes
cpuid level	: 11
wp		: yes
flags		: fpu vme de pse tsc msr pae mce cx8 apic sep mtrr pge mca cmov pat pse36 clflush dts acpi mmx fxsr sse sse2 ss ht tm pbe syscall nx rdtscp lm constant_tsc arch_perfmon pebs bts rep_good nopl xtopology nonstop_tsc aperfmperf pni pclmulqdq dtes64 monitor ds_cpl vmx smx est tm2 ssse3 cx16 xtpr pdcm pcid sse4_1 sse4_2 popcnt aes lahf_lm ida arat dtherm tpr_shadow vnmi flexpriority ept vpid
bugs		:
bogomips	: 5320.71
clflush size	: 64
cache_alignment	: 64
address sizes	: 36 bits physical, 48 bits virtual
power management:

processor	: 2
vendor_id	: GenuineIntel
cpu family	: 6
model		: 37
model name	: Intel(R) Core(TM) i5 CPU       M 560  @ 2.67GHz
stepping	: 5
microcode	: 0x4
cpu MHz		: 1199.000
cache size	: 3072 KB
physical id	: 0
siblings	: 4
core id		: 2
cpu cores	: 2
apicid		: 4
initial apicid	: 4
fpu		: yes
fpu_exception	: yes
cpuid level	: 11
wp		: yes
flags		: fpu vme de pse tsc msr pae mce cx8 apic sep mtrr pge mca cmov pat pse36 clflush dts acpi mmx fxsr sse sse2 ss ht tm pbe syscall nx rdtscp lm constant_tsc arch_perfmon pebs bts rep_good nopl xtopology nonstop_tsc aperfmperf pni pclmulqdq dtes64 monitor ds_cpl vmx smx est tm2 ssse3 cx16 xtpr pdcm pcid sse4_1 sse4_2 popcnt aes lahf_lm ida arat dtherm tpr_shadow vnmi flexpriority ept vpid
bugs		:
bogomips	: 5320.71
clflush size	: 64
cache_alignment	: 64
address sizes	: 36 bits physical, 48 bits virtual
power management:

processor	: 3
vendor_id	: GenuineIntel
cpu family	: 6
model		: 37
model name	: Intel(R) Core(TM) i5 CPU       M 560  @ 2.67GHz
stepping	: 5
microcode	: 0x4
cpu MHz		: 1199.000
cache size	: 3072 KB
physical id	: 0
siblings	: 4
core id		: 2
cpu cores	: 2
apicid		: 5
initial apicid	: 5
fpu		: yes
fpu_exception	: yes
cpuid level	: 11
wp		: yes
flags		: fpu vme de pse tsc msr pae mce cx8 apic sep mtrr pge mca cmov pat pse36 clflush dts acpi mmx fxsr sse sse2 ss ht tm pbe syscall nx rdtscp lm constant_tsc arch_perfmon pebs bts rep_good nopl xtopology nonstop_tsc aperfmperf pni pclmulqdq dtes64 monitor ds_cpl vmx smx est tm2 ssse3 cx16 xtpr pdcm pcid sse4_1 sse4_2 popcnt aes lahf_lm ida arat dtherm tpr_shadow vnmi flexpriority ept vpid
bugs		:
bogomips	: 5320.71
clflush size	: 64
cache_alignment	: 64
address sizes	: 36 bits physical, 48 bits virtual
power management:



Memory: 4k page, physical 3835188k(28524k free), swap 0k(0k free)

vm_info: Java HotSpot(TM) 64-Bit Server VM (25.66-b17) for linux-amd64 JRE (1.8.0_66-b17), built on Oct  6 2015 17:28:34 by "java_re" with gcc 4.3.0 20080428 (Red Hat 4.3.0-8)

time: Mon Nov 23 23:50:05 2015
elapsed time: 128 seconds (0d 0h 2m 8s)

